\BOOKMARK [1][-]{section.1}{\376\377\227\000\154\102\200\314\146\157}{}% 1
\BOOKMARK [2][-]{subsection.1.1}{\376\377\200\001\237\204\123\026\171\076\117\032\166\204\221\321\207\215\147\015\122\241\143\021\142\030}{section.1}% 2
\BOOKMARK [2][-]{subsection.1.2}{\376\377\230\171\166\356\133\232\117\115}{section.1}% 3
\BOOKMARK [1][-]{section.2}{\376\377\166\356\150\007\165\050\142\067\165\073\120\317\116\016\136\224\165\050\127\072\146\157}{}% 4
\BOOKMARK [2][-]{subsection.2.1}{\376\377\121\170\127\213\165\050\142\067\165\073\120\317}{section.2}% 5
\BOOKMARK [2][-]{subsection.2.2}{\376\377\121\170\127\213\136\224\165\050\127\072\146\157}{section.2}% 6
\BOOKMARK [3][-]{subsubsection.2.2.1}{\376\377\127\072\146\157\116\000\377\032\172\063\120\145\164\006\215\042}{subsection.2.2}% 7
\BOOKMARK [3][-]{subsubsection.2.2.2}{\376\377\127\072\146\157\116\214\377\032\133\266\136\255\166\321\142\244}{subsection.2.2}% 8
\BOOKMARK [3][-]{subsubsection.2.2.3}{\376\377\127\072\146\157\116\011\377\032\171\076\123\072\116\222\122\250}{subsection.2.2}% 9
\BOOKMARK [2][-]{subsection.2.3}{\376\377\116\016\163\260\147\011\174\373\176\337\166\204\135\356\137\002\123\026}{section.2}% 10
\BOOKMARK [1][-]{section.3}{\376\377\174\373\176\337\151\202\217\360}{}% 11
\BOOKMARK [2][-]{subsection.3.1}{\376\377\174\373\176\337\147\266\147\204}{section.3}% 12
\BOOKMARK [1][-]{section.4}{\376\377\213\244\213\301\116\016\133\211\121\150\123\237\164\006}{}% 13
\BOOKMARK [2][-]{subsection.4.1}{\376\377\000J\000W\000T\000\040\213\244\213\301\147\072\122\066}{section.4}% 14
\BOOKMARK [3][-]{subsubsection.4.1.1}{\376\377\116\344\162\114\165\037\142\020}{subsection.4.1}% 15
\BOOKMARK [3][-]{subsubsection.4.1.2}{\376\377\116\344\162\114\232\214\213\301}{subsection.4.1}% 16
\BOOKMARK [2][-]{subsection.4.2}{\376\377\133\306\170\001\124\310\136\014}{section.4}% 17
\BOOKMARK [2][-]{subsection.4.3}{\376\377\224\261\123\005\127\060\127\100\165\037\142\020}{section.4}% 18
\BOOKMARK [1][-]{section.5}{\376\377\116\244\146\023\142\100\116\016\133\232\116\367\123\237\164\006}{}% 19
\BOOKMARK [2][-]{subsection.5.1}{\376\377\150\007\166\204\116\016\127\372\121\306\116\367}{section.5}% 20
\BOOKMARK [2][-]{subsection.5.2}{\376\377\133\217\211\302\126\340\133\120\136\372\152\041}{section.5}% 21
\BOOKMARK [2][-]{subsection.5.3}{\376\377\215\104\116\247\165\073\120\317\116\016\135\356\137\002\123\026\123\302\145\160}{section.5}% 22
\BOOKMARK [2][-]{subsection.5.4}{\376\377\147\011\145\110\157\002\171\373\163\207}{section.5}% 23
\BOOKMARK [2][-]{subsection.5.5}{\376\377\121\340\117\125\136\003\147\027\217\320\122\250\000\040\000+\000\040\000M\000e\000r\000t\000o\000n\000\040\215\363\215\303\142\151\145\143}{section.5}% 24
\BOOKMARK [2][-]{subsection.5.6}{\376\377\171\273\145\143\145\345\176\247\220\022\143\250}{section.5}% 25
\BOOKMARK [2][-]{subsection.5.7}{\376\377\155\250\215\314\136\105\116\016\000\040\000K\000\040\176\277\165\037\142\020}{section.5}% 26
\BOOKMARK [2][-]{subsection.5.8}{\376\377\116\244\146\023\142\020\147\054}{section.5}% 27
\BOOKMARK [2][-]{subsection.5.9}{\376\377\133\371\122\115\172\357\166\204\123\357\211\306\123\026\146\264\227\062}{section.5}% 28
\BOOKMARK [1][-]{section.6}{\376\377\133\232\142\225\000\040\000\050\000D\000C\000A\000\051\000\040\123\237\164\006}{}% 29
\BOOKMARK [2][-]{subsection.6.1}{\376\377\133\232\142\225\121\154\137\017}{section.6}% 30
\BOOKMARK [2][-]{subsection.6.2}{\376\377\116\016\116\000\153\041\140\047\142\225\121\145\133\371\153\324}{section.6}% 31
\BOOKMARK [1][-]{section.7}{\376\377\143\001\116\323\116\016\166\310\116\217\213\241\173\227}{}% 32
\BOOKMARK [2][-]{subsection.7.1}{\376\377\143\001\116\323\200\132\124\010}{section.7}% 33
\BOOKMARK [2][-]{subsection.7.2}{\376\377\142\020\147\054\116\016\136\002\120\074}{section.7}% 34
\BOOKMARK [1][-]{section.8}{\376\377\000A\000I\000\040\135\345\121\167\214\003\165\050\123\237\164\006}{}% 35
\BOOKMARK [2][-]{subsection.8.1}{\376\377\000F\000u\000n\000c\000t\000i\000o\000n\000\040\000C\000a\000l\000l\000i\000n\000g\000\040\155\101\172\013}{section.8}% 36
\BOOKMARK [2][-]{subsection.8.2}{\376\377\135\345\121\167\133\232\116\111}{section.8}% 37
\BOOKMARK [2][-]{subsection.8.3}{\376\377\131\032\217\156\214\003\165\050}{section.8}% 38
\BOOKMARK [1][-]{section.9}{\376\377\144\315\117\134\145\131\172\013}{}% 39
\BOOKMARK [2][-]{subsection.9.1}{\376\377\163\257\130\203\121\306\131\007}{section.9}% 40
\BOOKMARK [2][-]{subsection.9.2}{\376\377\154\350\121\214\116\016\166\173\137\125}{section.9}% 41
\BOOKMARK [2][-]{subsection.9.3}{\376\377\116\352\210\150\166\330}{section.9}% 42
\BOOKMARK [2][-]{subsection.9.4}{\376\377\224\261\123\005\116\016\217\154\215\046}{section.9}% 43
\BOOKMARK [2][-]{subsection.9.5}{\376\377\125\106\127\316\215\055\162\151}{section.9}% 44
\BOOKMARK [2][-]{subsection.9.6}{\376\377\116\244\146\023\142\100\116\244\146\023}{section.9}% 45
\BOOKMARK [2][-]{subsection.9.7}{\376\377\171\076\123\072\122\250\140\001}{section.9}% 46
\BOOKMARK [2][-]{subsection.9.8}{\376\377\000A\000I\000\040\146\172\200\375\122\251\142\113}{section.9}% 47
\BOOKMARK [2][-]{subsection.9.9}{\376\377\133\232\142\225\116\373\122\241\173\241\164\006}{section.9}% 48
\BOOKMARK [2][-]{subsection.9.10}{\376\377\173\241\164\006\124\016\123\360}{section.9}% 49
\BOOKMARK [2][-]{subsection.9.11}{\376\377\000A\000P\000I\000\040\214\003\165\050}{section.9}% 50
\BOOKMARK [1][-]{section.10}{\376\377\226\104\137\125}{}% 51
\BOOKMARK [2][-]{subsection.10.1}{\376\377\173\046\123\367\210\150\377\010\000L\000a\000T\000e\000X\000\040\145\160\133\146\173\046\123\367\377\011}{section.10}% 52
\BOOKMARK [2][-]{subsection.10.2}{\376\377\145\207\150\143\142\200\147\057\213\364\146\016}{section.10}% 53
